<?xml version="1.0" encoding="UTF-8"?>
<!-- Generated by org.testng.reporters.JUnitXMLReporter -->
<testsuite hostname="USMUMABHISHAGR2" name="Agoda HotelBooking Test" tests="3" failures="0" timestamp="16 Apr 2019 08:42:15 GMT" time="52.259" errors="0">
  <testcase name="enterDetails" time="1.201" classname="learning.testScripts.AgodaTest"/>
  <testcase name="searchHotelwithMinimumPrice" time="0.775" classname="learning.testScripts.AgodaTest"/>
  <testcase name="confirmBooking" time="0.778" classname="learning.testScripts.AgodaTest"/>
</testsuite> <!-- Agoda HotelBooking Test -->
