<?xml version="1.0" encoding="UTF-8"?>
<!-- Generated by org.testng.reporters.JUnitXMLReporter -->
<testsuite hostname="USMUMABHISHAGR2" name="Agoda HotelBooking Test2" tests="3" failures="0" timestamp="14 Apr 2019 09:57:03 GMT" time="30.465" errors="0">
  <testcase name="enterDetails" time="0.78" classname="learning.testScripts.AgodaTest"/>
  <testcase name="searchHotelwithMinimumPrice" time="0.002" classname="learning.testScripts.AgodaTest"/>
  <testcase name="confirmBooking" time="0.002" classname="learning.testScripts.AgodaTest"/>
</testsuite> <!-- Agoda HotelBooking Test2 -->
