<?xml version="1.0" encoding="UTF-8"?>
<!-- Generated by org.testng.reporters.JUnitXMLReporter -->
<testsuite hostname="USMUMABHISHAGR2" name="Delivery Hero Test" tests="3" failures="1" timestamp="16 Apr 2019 08:42:42 GMT" time="26.951" errors="0">
  <testcase name="enterDetails" time="2.537" classname="learning.testScripts.DeliveryHeroTest"/>
  <testcase name="searchHotelwithMinimumPrice" time="6.784" classname="learning.testScripts.DeliveryHeroTest">
    <failure type="java.lang.NullPointerException">
      <![CDATA[java.lang.NullPointerException
	at learning.testScripts.KeywordLibrary.isDisplayed(KeywordLibrary.java:65)
	at learning.testScripts.DeliveryHeroTest.searchHotelwithMinimumPrice(DeliveryHeroTest.java:66)
... Removed 24 stack frames]]>
    </failure>
  </testcase> <!-- searchHotelwithMinimumPrice -->
  <testcase name="confirmBooking" time="0.0" classname="learning.testScripts.DeliveryHeroTest">
    <skipped/>
  </testcase> <!-- confirmBooking -->
</testsuite> <!-- Delivery Hero Test -->
