<?xml version="1.0" encoding="UTF-8"?>
<testng-results skipped="1" failed="1" total="6" passed="4">
  <reporter-output>
  </reporter-output>
  <suite name="Practice Automation" duration-ms="79258" started-at="2019-04-16T08:41:23Z" finished-at="2019-04-16T08:42:42Z">
    <groups>
    </groups>
    <test name="Agoda HotelBooking Test" duration-ms="52259" started-at="2019-04-16T08:41:23Z" finished-at="2019-04-16T08:42:15Z">
      <class name="learning.testScripts.AgodaTest">
        <test-method status="PASS" signature="init(java.lang.String, java.lang.String, org.testng.ITestContext)[pri:0, instance:learning.testScripts.AgodaTest@1f1c7bf6]" name="init" is-config="true" duration-ms="47878" started-at="2019-04-16T14:11:23Z" finished-at="2019-04-16T14:12:11Z">
          <params>
            <param index="0">
              <value>
                <![CDATA[https://www.agoda.com/]]>
              </value>
            </param>
            <param index="1">
              <value>
                <![CDATA[chrome]]>
              </value>
            </param>
            <param index="2">
              <value>
                <![CDATA[org.testng.TestRunner@3e8f7922]]>
              </value>
            </param>
          </params>
          <reporter-output>
          </reporter-output>
        </test-method> <!-- init -->
        <test-method status="PASS" signature="enterDetails()[pri:1, instance:learning.testScripts.AgodaTest@1f1c7bf6]" name="enterDetails" duration-ms="1201" started-at="2019-04-16T14:12:11Z" finished-at="2019-04-16T14:12:12Z">
          <reporter-output>
          </reporter-output>
        </test-method> <!-- enterDetails -->
        <test-method status="PASS" signature="searchHotelwithMinimumPrice()[pri:0, instance:learning.testScripts.AgodaTest@1f1c7bf6]" name="searchHotelwithMinimumPrice" duration-ms="775" started-at="2019-04-16T14:12:12Z" depends-on-methods="learning.testScripts.AgodaTest.enterDetails" finished-at="2019-04-16T14:12:13Z">
          <reporter-output>
          </reporter-output>
        </test-method> <!-- searchHotelwithMinimumPrice -->
        <test-method status="PASS" signature="confirmBooking()[pri:0, instance:learning.testScripts.AgodaTest@1f1c7bf6]" name="confirmBooking" duration-ms="778" started-at="2019-04-16T14:12:13Z" depends-on-methods="learning.testScripts.AgodaTest.searchHotelwithMinimumPrice" finished-at="2019-04-16T14:12:13Z">
          <reporter-output>
          </reporter-output>
        </test-method> <!-- confirmBooking -->
        <test-method status="PASS" signature="closeBrowser()[pri:0, instance:learning.testScripts.AgodaTest@1f1c7bf6]" name="closeBrowser" is-config="true" duration-ms="1577" started-at="2019-04-16T14:12:13Z" finished-at="2019-04-16T14:12:15Z">
          <reporter-output>
          </reporter-output>
        </test-method> <!-- closeBrowser -->
      </class> <!-- learning.testScripts.AgodaTest -->
    </test> <!-- Agoda HotelBooking Test -->
    <test name="Delivery Hero Test" duration-ms="26951" started-at="2019-04-16T08:42:15Z" finished-at="2019-04-16T08:42:42Z">
      <class name="learning.testScripts.DeliveryHeroTest">
        <test-method status="PASS" signature="instantiateExtentReport()[pri:0, instance:learning.testScripts.DeliveryHeroTest@e50a6f6]" name="instantiateExtentReport" is-config="true" duration-ms="277" started-at="2019-04-16T14:11:22Z" finished-at="2019-04-16T14:11:23Z">
          <reporter-output>
          </reporter-output>
        </test-method> <!-- instantiateExtentReport -->
        <test-method status="PASS" signature="init(java.lang.String, java.lang.String, org.testng.ITestContext)[pri:0, instance:learning.testScripts.DeliveryHeroTest@e50a6f6]" name="init" is-config="true" duration-ms="16417" started-at="2019-04-16T14:12:15Z" finished-at="2019-04-16T14:12:31Z">
          <params>
            <param index="0">
              <value>
                <![CDATA[https://www.deliveryhero.com/]]>
              </value>
            </param>
            <param index="1">
              <value>
                <![CDATA[chrome]]>
              </value>
            </param>
            <param index="2">
              <value>
                <![CDATA[org.testng.TestRunner@63192798]]>
              </value>
            </param>
          </params>
          <reporter-output>
          </reporter-output>
        </test-method> <!-- init -->
        <test-method status="PASS" signature="enterDetails()[pri:1, instance:learning.testScripts.DeliveryHeroTest@e50a6f6]" name="enterDetails" duration-ms="2537" started-at="2019-04-16T14:12:31Z" finished-at="2019-04-16T14:12:34Z">
          <reporter-output>
          </reporter-output>
        </test-method> <!-- enterDetails -->
        <test-method status="FAIL" signature="searchHotelwithMinimumPrice()[pri:0, instance:learning.testScripts.DeliveryHeroTest@e50a6f6]" name="searchHotelwithMinimumPrice" duration-ms="6784" started-at="2019-04-16T14:12:34Z" depends-on-methods="learning.testScripts.DeliveryHeroTest.enterDetails" finished-at="2019-04-16T14:12:41Z">
          <exception class="java.lang.NullPointerException">
            <full-stacktrace>
              <![CDATA[java.lang.NullPointerException
	at learning.testScripts.KeywordLibrary.isDisplayed(KeywordLibrary.java:65)
	at learning.testScripts.DeliveryHeroTest.searchHotelwithMinimumPrice(DeliveryHeroTest.java:66)
	at sun.reflect.NativeMethodAccessorImpl.invoke0(Native Method)
	at sun.reflect.NativeMethodAccessorImpl.invoke(NativeMethodAccessorImpl.java:62)
	at sun.reflect.DelegatingMethodAccessorImpl.invoke(DelegatingMethodAccessorImpl.java:43)
	at java.lang.reflect.Method.invoke(Method.java:498)
	at org.testng.internal.MethodInvocationHelper.invokeMethod(MethodInvocationHelper.java:86)
	at org.testng.internal.Invoker.invokeMethod(Invoker.java:643)
	at org.testng.internal.Invoker.invokeTestMethod(Invoker.java:820)
	at org.testng.internal.Invoker.invokeTestMethods(Invoker.java:1128)
	at org.testng.internal.TestMethodWorker.invokeTestMethods(TestMethodWorker.java:129)
	at org.testng.internal.TestMethodWorker.run(TestMethodWorker.java:112)
	at org.testng.TestRunner.privateRun(TestRunner.java:782)
	at org.testng.TestRunner.run(TestRunner.java:632)
	at org.testng.SuiteRunner.runTest(SuiteRunner.java:366)
	at org.testng.SuiteRunner.runSequentially(SuiteRunner.java:361)
	at org.testng.SuiteRunner.privateRun(SuiteRunner.java:319)
	at org.testng.SuiteRunner.run(SuiteRunner.java:268)
	at org.testng.SuiteRunnerWorker.runSuite(SuiteRunnerWorker.java:52)
	at org.testng.SuiteRunnerWorker.run(SuiteRunnerWorker.java:86)
	at org.testng.TestNG.runSuitesSequentially(TestNG.java:1244)
	at org.testng.TestNG.runSuitesLocally(TestNG.java:1169)
	at org.testng.TestNG.run(TestNG.java:1064)
	at org.testng.remote.AbstractRemoteTestNG.run(AbstractRemoteTestNG.java:115)
	at org.testng.remote.RemoteTestNG.initAndRun(RemoteTestNG.java:251)
	at org.testng.remote.RemoteTestNG.main(RemoteTestNG.java:77)
]]>
            </full-stacktrace>
          </exception> <!-- java.lang.NullPointerException -->
          <reporter-output>
          </reporter-output>
        </test-method> <!-- searchHotelwithMinimumPrice -->
        <test-method status="SKIP" signature="confirmBooking()[pri:0, instance:learning.testScripts.DeliveryHeroTest@e50a6f6]" name="confirmBooking" duration-ms="0" started-at="2019-04-16T14:12:41Z" depends-on-methods="learning.testScripts.DeliveryHeroTest.searchHotelwithMinimumPrice" finished-at="2019-04-16T14:12:41Z">
          <exception class="java.lang.Throwable">
            <message>
              <![CDATA[Method DeliveryHeroTest.confirmBooking()[pri:0, instance:learning.testScripts.DeliveryHeroTest@e50a6f6] depends on not successfully finished methods]]>
            </message>
            <full-stacktrace>
              <![CDATA[java.lang.Throwable: Method DeliveryHeroTest.confirmBooking()[pri:0, instance:learning.testScripts.DeliveryHeroTest@e50a6f6] depends on not successfully finished methods
	at org.testng.internal.Invoker.invokeTestMethods(Invoker.java:1037)
	at org.testng.internal.TestMethodWorker.invokeTestMethods(TestMethodWorker.java:129)
	at org.testng.internal.TestMethodWorker.run(TestMethodWorker.java:112)
	at org.testng.TestRunner.privateRun(TestRunner.java:782)
	at org.testng.TestRunner.run(TestRunner.java:632)
	at org.testng.SuiteRunner.runTest(SuiteRunner.java:366)
	at org.testng.SuiteRunner.runSequentially(SuiteRunner.java:361)
	at org.testng.SuiteRunner.privateRun(SuiteRunner.java:319)
	at org.testng.SuiteRunner.run(SuiteRunner.java:268)
	at org.testng.SuiteRunnerWorker.runSuite(SuiteRunnerWorker.java:52)
	at org.testng.SuiteRunnerWorker.run(SuiteRunnerWorker.java:86)
	at org.testng.TestNG.runSuitesSequentially(TestNG.java:1244)
	at org.testng.TestNG.runSuitesLocally(TestNG.java:1169)
	at org.testng.TestNG.run(TestNG.java:1064)
	at org.testng.remote.AbstractRemoteTestNG.run(AbstractRemoteTestNG.java:115)
	at org.testng.remote.RemoteTestNG.initAndRun(RemoteTestNG.java:251)
	at org.testng.remote.RemoteTestNG.main(RemoteTestNG.java:77)
]]>
            </full-stacktrace>
          </exception> <!-- java.lang.Throwable -->
          <reporter-output>
          </reporter-output>
        </test-method> <!-- confirmBooking -->
        <test-method status="PASS" signature="closeBrowser()[pri:0, instance:learning.testScripts.DeliveryHeroTest@e50a6f6]" name="closeBrowser" is-config="true" duration-ms="1201" started-at="2019-04-16T14:12:41Z" finished-at="2019-04-16T14:12:42Z">
          <reporter-output>
          </reporter-output>
        </test-method> <!-- closeBrowser -->
        <test-method status="PASS" signature="reportFlush()[pri:0, instance:learning.testScripts.DeliveryHeroTest@e50a6f6]" name="reportFlush" is-config="true" duration-ms="760" started-at="2019-04-16T14:12:42Z" finished-at="2019-04-16T14:12:43Z">
          <reporter-output>
          </reporter-output>
        </test-method> <!-- reportFlush -->
      </class> <!-- learning.testScripts.DeliveryHeroTest -->
    </test> <!-- Delivery Hero Test -->
  </suite> <!-- Practice Automation -->
</testng-results>
